
*** Running vivado
    with args -log design_1_Frame_Clock_Divider_0_1.vds -m64 -product Vivado -mode batch -messageDb vivado.pb -notrace -source design_1_Frame_Clock_Divider_0_1.tcl


****** Vivado v2024.2 (64-bit)
  **** SW Build 5239630 on Fri Nov 08 22:34:34 MST 2024
  **** IP Build 5239520 on Sun Nov 10 16:12:51 MST 2024
  **** SharedData Build 5239561 on Fri Nov 08 14:39:27 MST 2024
  **** Start of session at: Sun Dec 21 14:08:16 2025
    ** Copyright 1986-2022 Xilinx, Inc. All Rights Reserved.
    ** Copyright 2022-2024 Advanced Micro Devices, Inc. All Rights Reserved.

source design_1_Frame_Clock_Divider_0_1.tcl -notrace
create_project: Time (s): cpu = 00:00:07 ; elapsed = 00:00:07 . Memory (MB): peak = 1468.105 ; gain = 0.027 ; free physical = 1948 ; free virtual = 8279
INFO: [IP_Flow 19-234] Refreshing IP repositories
INFO: [IP_Flow 19-1704] No user IP repositories specified
INFO: [IP_Flow 19-2313] Loaded Vivado IP repository '/tools/Xilinx/Vivado/2024.2/data/ip'.
Command: synth_design -top design_1_Frame_Clock_Divider_0_1 -part xc7a35tcpg236-1 -incremental_mode off -mode out_of_context
Starting synth_design
Attempting to get a license for feature 'Synthesis' and/or device 'xc7a35t'
INFO: [Common 17-349] Got license for feature 'Synthesis' and/or device 'xc7a35t'
INFO: [Device 21-403] Loading part xc7a35tcpg236-1
INFO: [Synth 8-7079] Multithreading enabled for synth_design using a maximum of 7 processes.
INFO: [Synth 8-7078] Launching helper process for spawning children vivado processes
INFO: [Synth 8-7075] Helper process launched with PID 431485
---------------------------------------------------------------------------------
Starting RTL Elaboration : Time (s): cpu = 00:00:07 ; elapsed = 00:00:07 . Memory (MB): peak = 1969.449 ; gain = 416.797 ; free physical = 769 ; free virtual = 7062
---------------------------------------------------------------------------------
INFO: [Synth 8-638] synthesizing module 'design_1_Frame_Clock_Divider_0_1' [/home/adrianna/Git/LED_matrix_driver/LED_matrix_driver.gen/sources_1/bd/design_1/ip/design_1_Frame_Clock_Divider_0_1/synth/design_1_Frame_Clock_Divider_0_1.vhd:64]
	Parameter counter_reset_value bound to: 50 - type: integer 
INFO: [Synth 8-3491] module 'Frame_Clock_Divider' declared at '/home/adrianna/Git/LED_matrix_driver/LED_matrix_driver.srcs/sources_1/new/Frame_Clock_Divider.vhd:34' bound to instance 'U0' of component 'Frame_Clock_Divider' [/home/adrianna/Git/LED_matrix_driver/LED_matrix_driver.gen/sources_1/bd/design_1/ip/design_1_Frame_Clock_Divider_0_1/synth/design_1_Frame_Clock_Divider_0_1.vhd:95]
INFO: [Synth 8-638] synthesizing module 'Frame_Clock_Divider' [/home/adrianna/Git/LED_matrix_driver/LED_matrix_driver.srcs/sources_1/new/Frame_Clock_Divider.vhd:43]
INFO: [Synth 8-256] done synthesizing module 'Frame_Clock_Divider' (0#1) [/home/adrianna/Git/LED_matrix_driver/LED_matrix_driver.srcs/sources_1/new/Frame_Clock_Divider.vhd:43]
INFO: [Synth 8-256] done synthesizing module 'design_1_Frame_Clock_Divider_0_1' (0#1) [/home/adrianna/Git/LED_matrix_driver/LED_matrix_driver.gen/sources_1/bd/design_1/ip/design_1_Frame_Clock_Divider_0_1/synth/design_1_Frame_Clock_Divider_0_1.vhd:64]
---------------------------------------------------------------------------------
Finished RTL Elaboration : Time (s): cpu = 00:00:09 ; elapsed = 00:00:09 . Memory (MB): peak = 2044.387 ; gain = 491.734 ; free physical = 582 ; free virtual = 6882
---------------------------------------------------------------------------------
---------------------------------------------------------------------------------
Start Handling Custom Attributes
---------------------------------------------------------------------------------
---------------------------------------------------------------------------------
Finished Handling Custom Attributes : Time (s): cpu = 00:00:09 ; elapsed = 00:00:09 . Memory (MB): peak = 2062.199 ; gain = 509.547 ; free physical = 570 ; free virtual = 6874
---------------------------------------------------------------------------------
---------------------------------------------------------------------------------
Finished RTL Optimization Phase 1 : Time (s): cpu = 00:00:09 ; elapsed = 00:00:09 . Memory (MB): peak = 2062.199 ; gain = 509.547 ; free physical = 570 ; free virtual = 6874
---------------------------------------------------------------------------------
Netlist sorting complete. Time (s): cpu = 00:00:00 ; elapsed = 00:00:00.01 . Memory (MB): peak = 2062.199 ; gain = 0.000 ; free physical = 570 ; free virtual = 6874
INFO: [Project 1-570] Preparing netlist for logic optimization

Processing XDC Constraints
Initializing timing engine
Completed Processing XDC Constraints

Netlist sorting complete. Time (s): cpu = 00:00:00 ; elapsed = 00:00:00 . Memory (MB): peak = 2149.938 ; gain = 0.000 ; free physical = 572 ; free virtual = 6877
INFO: [Project 1-111] Unisim Transformation Summary:
No Unisim elements were transformed.

Constraint Validation Runtime : Time (s): cpu = 00:00:00.03 ; elapsed = 00:00:00.02 . Memory (MB): peak = 2149.938 ; gain = 0.000 ; free physical = 572 ; free virtual = 6877
INFO: [Designutils 20-5008] Incremental synthesis strategy off
---------------------------------------------------------------------------------
Finished Constraint Validation : Time (s): cpu = 00:00:19 ; elapsed = 00:00:19 . Memory (MB): peak = 2149.938 ; gain = 597.285 ; free physical = 581 ; free virtual = 6866
---------------------------------------------------------------------------------
---------------------------------------------------------------------------------
Start Loading Part and Timing Information
---------------------------------------------------------------------------------
Loading part: xc7a35tcpg236-1
---------------------------------------------------------------------------------
Finished Loading Part and Timing Information : Time (s): cpu = 00:00:19 ; elapsed = 00:00:19 . Memory (MB): peak = 2157.941 ; gain = 605.289 ; free physical = 581 ; free virtual = 6866
---------------------------------------------------------------------------------
---------------------------------------------------------------------------------
Start Applying 'set_property' XDC Constraints
---------------------------------------------------------------------------------
---------------------------------------------------------------------------------
Finished applying 'set_property' XDC Constraints : Time (s): cpu = 00:00:19 ; elapsed = 00:00:19 . Memory (MB): peak = 2157.941 ; gain = 605.289 ; free physical = 582 ; free virtual = 6867
---------------------------------------------------------------------------------
---------------------------------------------------------------------------------
Finished RTL Optimization Phase 2 : Time (s): cpu = 00:00:19 ; elapsed = 00:00:19 . Memory (MB): peak = 2157.941 ; gain = 605.289 ; free physical = 582 ; free virtual = 6868
---------------------------------------------------------------------------------
---------------------------------------------------------------------------------
Start RTL Component Statistics 
---------------------------------------------------------------------------------
Detailed RTL Component Info : 
+---Muxes : 
	   2 Input    1 Bit        Muxes := 1     
---------------------------------------------------------------------------------
Finished RTL Component Statistics 
---------------------------------------------------------------------------------
---------------------------------------------------------------------------------
Start Part Resource Summary
---------------------------------------------------------------------------------
Part Resources:
DSPs: 90 (col length:60)
BRAMs: 100 (col length: RAMB18 60 RAMB36 30)
---------------------------------------------------------------------------------
Finished Part Resource Summary
---------------------------------------------------------------------------------
---------------------------------------------------------------------------------
Start Cross Boundary and Area Optimization
---------------------------------------------------------------------------------
WARNING: [Synth 8-7080] Parallel synthesis criteria is not met
---------------------------------------------------------------------------------
Finished Cross Boundary and Area Optimization : Time (s): cpu = 00:00:22 ; elapsed = 00:00:22 . Memory (MB): peak = 2157.941 ; gain = 605.289 ; free physical = 547 ; free virtual = 6853
---------------------------------------------------------------------------------
---------------------------------------------------------------------------------
Start Applying XDC Timing Constraints
---------------------------------------------------------------------------------
---------------------------------------------------------------------------------
Finished Applying XDC Timing Constraints : Time (s): cpu = 00:00:31 ; elapsed = 00:00:31 . Memory (MB): peak = 2204.941 ; gain = 652.289 ; free physical = 389 ; free virtual = 6698
---------------------------------------------------------------------------------
---------------------------------------------------------------------------------
Start Timing Optimization
---------------------------------------------------------------------------------
---------------------------------------------------------------------------------
Finished Timing Optimization : Time (s): cpu = 00:00:31 ; elapsed = 00:00:31 . Memory (MB): peak = 2204.941 ; gain = 652.289 ; free physical = 389 ; free virtual = 6698
---------------------------------------------------------------------------------
---------------------------------------------------------------------------------
Start Technology Mapping
---------------------------------------------------------------------------------
---------------------------------------------------------------------------------
Finished Technology Mapping : Time (s): cpu = 00:00:31 ; elapsed = 00:00:31 . Memory (MB): peak = 2214.957 ; gain = 662.305 ; free physical = 380 ; free virtual = 6689
---------------------------------------------------------------------------------
---------------------------------------------------------------------------------
Start IO Insertion
---------------------------------------------------------------------------------
---------------------------------------------------------------------------------
Start Flattening Before IO Insertion
---------------------------------------------------------------------------------
---------------------------------------------------------------------------------
Finished Flattening Before IO Insertion
---------------------------------------------------------------------------------
---------------------------------------------------------------------------------
Start Final Netlist Cleanup
---------------------------------------------------------------------------------
---------------------------------------------------------------------------------
Finished Final Netlist Cleanup
---------------------------------------------------------------------------------
---------------------------------------------------------------------------------
Finished IO Insertion : Time (s): cpu = 00:00:38 ; elapsed = 00:00:38 . Memory (MB): peak = 2384.770 ; gain = 832.117 ; free physical = 306 ; free virtual = 6355
---------------------------------------------------------------------------------
---------------------------------------------------------------------------------
Start Renaming Generated Instances
---------------------------------------------------------------------------------
---------------------------------------------------------------------------------
Finished Renaming Generated Instances : Time (s): cpu = 00:00:38 ; elapsed = 00:00:38 . Memory (MB): peak = 2384.770 ; gain = 832.117 ; free physical = 306 ; free virtual = 6355
---------------------------------------------------------------------------------
---------------------------------------------------------------------------------
Start Rebuilding User Hierarchy
---------------------------------------------------------------------------------
---------------------------------------------------------------------------------
Finished Rebuilding User Hierarchy : Time (s): cpu = 00:00:38 ; elapsed = 00:00:38 . Memory (MB): peak = 2384.770 ; gain = 832.117 ; free physical = 306 ; free virtual = 6355
---------------------------------------------------------------------------------
---------------------------------------------------------------------------------
Start Renaming Generated Ports
---------------------------------------------------------------------------------
---------------------------------------------------------------------------------
Finished Renaming Generated Ports : Time (s): cpu = 00:00:38 ; elapsed = 00:00:38 . Memory (MB): peak = 2384.770 ; gain = 832.117 ; free physical = 306 ; free virtual = 6355
---------------------------------------------------------------------------------
---------------------------------------------------------------------------------
Start Handling Custom Attributes
---------------------------------------------------------------------------------
---------------------------------------------------------------------------------
Finished Handling Custom Attributes : Time (s): cpu = 00:00:38 ; elapsed = 00:00:38 . Memory (MB): peak = 2384.770 ; gain = 832.117 ; free physical = 306 ; free virtual = 6355
---------------------------------------------------------------------------------
---------------------------------------------------------------------------------
Start Renaming Generated Nets
---------------------------------------------------------------------------------
---------------------------------------------------------------------------------
Finished Renaming Generated Nets : Time (s): cpu = 00:00:38 ; elapsed = 00:00:38 . Memory (MB): peak = 2384.770 ; gain = 832.117 ; free physical = 306 ; free virtual = 6355
---------------------------------------------------------------------------------
---------------------------------------------------------------------------------
Start Writing Synthesis Report
---------------------------------------------------------------------------------

Report BlackBoxes: 
+-+--------------+----------+
| |BlackBox name |Instances |
+-+--------------+----------+
+-+--------------+----------+

Report Cell Usage: 
+------+-------+------+
|      |Cell   |Count |
+------+-------+------+
|1     |CARRY4 |    12|
|2     |LUT1   |     1|
|3     |LUT2   |    32|
|4     |LUT4   |     3|
|5     |LUT6   |     8|
|6     |FDRE   |    32|
+------+-------+------+
---------------------------------------------------------------------------------
Finished Writing Synthesis Report : Time (s): cpu = 00:00:38 ; elapsed = 00:00:38 . Memory (MB): peak = 2384.770 ; gain = 832.117 ; free physical = 306 ; free virtual = 6355
---------------------------------------------------------------------------------
Synthesis finished with 0 errors, 0 critical warnings and 1 warnings.
Synthesis Optimization Runtime : Time (s): cpu = 00:00:35 ; elapsed = 00:00:36 . Memory (MB): peak = 2384.770 ; gain = 744.379 ; free physical = 305 ; free virtual = 6354
Synthesis Optimization Complete : Time (s): cpu = 00:00:38 ; elapsed = 00:00:38 . Memory (MB): peak = 2384.777 ; gain = 832.117 ; free physical = 305 ; free virtual = 6354
INFO: [Project 1-571] Translating synthesized netlist
Netlist sorting complete. Time (s): cpu = 00:00:00 ; elapsed = 00:00:00 . Memory (MB): peak = 2384.777 ; gain = 0.000 ; free physical = 305 ; free virtual = 6354
INFO: [Netlist 29-17] Analyzing 12 Unisim elements for replacement
INFO: [Netlist 29-28] Unisim Transformation completed in 0 CPU seconds
INFO: [Project 1-570] Preparing netlist for logic optimization
INFO: [Opt 31-138] Pushed 0 inverter(s) to 0 load pin(s).
Netlist sorting complete. Time (s): cpu = 00:00:00 ; elapsed = 00:00:00 . Memory (MB): peak = 2384.777 ; gain = 0.000 ; free physical = 479 ; free virtual = 6590
INFO: [Project 1-111] Unisim Transformation Summary:
No Unisim elements were transformed.

Synth Design complete | Checksum: e8ff2465
INFO: [Common 17-83] Releasing license: Synthesis
23 Infos, 1 Warnings, 0 Critical Warnings and 0 Errors encountered.
synth_design completed successfully
synth_design: Time (s): cpu = 00:00:53 ; elapsed = 00:00:49 . Memory (MB): peak = 2384.777 ; gain = 916.672 ; free physical = 478 ; free virtual = 6589
INFO: [Common 17-2834] synth_design peak Physical Memory [PSS] (MB): overall = 1495.417; main = 1495.417; forked = 226.631
INFO: [Common 17-2834] synth_design peak Virtual Memory [VSS] (MB): overall = 3074.930; main = 2384.773; forked = 916.984
Write ShapeDB Complete: Time (s): cpu = 00:00:00 ; elapsed = 00:00:00 . Memory (MB): peak = 2408.781 ; gain = 0.000 ; free physical = 477 ; free virtual = 6588
INFO: [Common 17-1381] The checkpoint '/home/adrianna/Git/LED_matrix_driver/LED_matrix_driver.runs/design_1_Frame_Clock_Divider_0_1_synth_1/design_1_Frame_Clock_Divider_0_1.dcp' has been generated.
INFO: [Vivado 12-24828] Executing command : report_utilization -file design_1_Frame_Clock_Divider_0_1_utilization_synth.rpt -pb design_1_Frame_Clock_Divider_0_1_utilization_synth.pb
INFO: [Common 17-206] Exiting Vivado at Sun Dec 21 14:09:18 2025...
