
*** Running vivado
    with args -log design_1_wrapper.vds -m64 -product Vivado -mode batch -messageDb vivado.pb -notrace -source design_1_wrapper.tcl


****** Vivado v2024.2 (64-bit)
  **** SW Build 5239630 on Fri Nov 08 22:34:34 MST 2024
  **** IP Build 5239520 on Sun Nov 10 16:12:51 MST 2024
  **** SharedData Build 5239561 on Fri Nov 08 14:39:27 MST 2024
  **** Start of session at: Mon Dec  8 00:48:50 2025
    ** Copyright 1986-2022 Xilinx, Inc. All Rights Reserved.
    ** Copyright 2022-2024 Advanced Micro Devices, Inc. All Rights Reserved.

source design_1_wrapper.tcl -notrace
create_project: Time (s): cpu = 00:00:06 ; elapsed = 00:00:06 . Memory (MB): peak = 1375.461 ; gain = 0.027 ; free physical = 4064 ; free virtual = 11170
INFO: [IP_Flow 19-234] Refreshing IP repositories
INFO: [IP_Flow 19-1704] No user IP repositories specified
INFO: [IP_Flow 19-2313] Loaded Vivado IP repository '/tools/Xilinx/Vivado/2024.2/data/ip'.
INFO: [Project 1-5578] Found utility IPs instantiated in block design /home/adrianna/Git/LED_matrix_driver/LED_matrix_driver.srcs/sources_1/bd/design_1/design_1.bd which have equivalent inline hdl with improved performance and reduced diskspace.
It is recommended to migrate these utility IPs to inline hdl  using the command upgrade_project -migrate_to_inline_hdl.  The utility IPs may be deprecated in future releases.
More information on inline hdl is available in UG994. 
Command: read_checkpoint -auto_incremental -incremental /home/adrianna/Git/LED_matrix_driver/LED_matrix_driver.srcs/utils_1/imports/synth_1/UART_RX.dcp
INFO: [Vivado 12-5825] Read reference checkpoint from /home/adrianna/Git/LED_matrix_driver/LED_matrix_driver.srcs/utils_1/imports/synth_1/UART_RX.dcp for incremental synthesis
INFO: [Vivado 12-7989] Please ensure there are no constraint changes
Command: synth_design -top design_1_wrapper -part xc7a35tcpg236-1
Starting synth_design
Attempting to get a license for feature 'Synthesis' and/or device 'xc7a35t'
INFO: [Common 17-349] Got license for feature 'Synthesis' and/or device 'xc7a35t'
INFO: [Device 21-403] Loading part xc7a35tcpg236-1
INFO: [Designutils 20-5440] No compile time benefit to using incremental synthesis; A full resynthesis will be run
INFO: [Designutils 20-4379] Flow is switching to default flow due to incremental criteria not met. If you would like to alter this behaviour and have the flow terminate instead, please set the following parameter config_implementation {autoIncr.Synth.RejectBehavior Terminate}
INFO: [Synth 8-7079] Multithreading enabled for synth_design using a maximum of 7 processes.
INFO: [Synth 8-7078] Launching helper process for spawning children vivado processes
INFO: [Synth 8-7075] Helper process launched with PID 30932
---------------------------------------------------------------------------------
Starting RTL Elaboration : Time (s): cpu = 00:00:05 ; elapsed = 00:00:06 . Memory (MB): peak = 2001.570 ; gain = 417.828 ; free physical = 3126 ; free virtual = 10233
---------------------------------------------------------------------------------
INFO: [Synth 8-638] synthesizing module 'design_1_wrapper' [/home/adrianna/Git/LED_matrix_driver/LED_matrix_driver.gen/sources_1/bd/design_1/hdl/design_1_wrapper.vhd:36]
INFO: [Synth 8-3491] module 'design_1' declared at '/home/adrianna/Git/LED_matrix_driver/LED_matrix_driver.gen/sources_1/bd/design_1/synth/design_1.vhd:15' bound to instance 'design_1_i' of component 'design_1' [/home/adrianna/Git/LED_matrix_driver/LED_matrix_driver.gen/sources_1/bd/design_1/hdl/design_1_wrapper.vhd:58]
INFO: [Synth 8-638] synthesizing module 'design_1' [/home/adrianna/Git/LED_matrix_driver/LED_matrix_driver.gen/sources_1/bd/design_1/synth/design_1.vhd:40]
INFO: [Synth 8-3491] module 'design_1_UART_RX_0_0' declared at '/home/adrianna/Git/LED_matrix_driver/LED_matrix_driver.runs/synth_1/.Xil/Vivado-30741-adrianna-linux/realtime/design_1_UART_RX_0_0_stub.vhdl:6' bound to instance 'UART_RX_0' of component 'design_1_UART_RX_0_0' [/home/adrianna/Git/LED_matrix_driver/LED_matrix_driver.gen/sources_1/bd/design_1/synth/design_1.vhd:144]
INFO: [Synth 8-638] synthesizing module 'design_1_UART_RX_0_0' [/home/adrianna/Git/LED_matrix_driver/LED_matrix_driver.runs/synth_1/.Xil/Vivado-30741-adrianna-linux/realtime/design_1_UART_RX_0_0_stub.vhdl:24]
INFO: [Synth 8-3491] module 'design_1_clk_wiz_0' declared at '/home/adrianna/Git/LED_matrix_driver/LED_matrix_driver.runs/synth_1/.Xil/Vivado-30741-adrianna-linux/realtime/design_1_clk_wiz_0_stub.vhdl:6' bound to instance 'clk_wiz' of component 'design_1_clk_wiz_0' [/home/adrianna/Git/LED_matrix_driver/LED_matrix_driver.gen/sources_1/bd/design_1/synth/design_1.vhd:151]
INFO: [Synth 8-638] synthesizing module 'design_1_clk_wiz_0' [/home/adrianna/Git/LED_matrix_driver/LED_matrix_driver.runs/synth_1/.Xil/Vivado-30741-adrianna-linux/realtime/design_1_clk_wiz_0_stub.vhdl:20]
INFO: [Synth 8-3491] module 'design_1_fifo_generator_0_0' declared at '/home/adrianna/Git/LED_matrix_driver/LED_matrix_driver.runs/synth_1/.Xil/Vivado-30741-adrianna-linux/realtime/design_1_fifo_generator_0_0_stub.vhdl:6' bound to instance 'fifo_generator_0' of component 'design_1_fifo_generator_0_0' [/home/adrianna/Git/LED_matrix_driver/LED_matrix_driver.gen/sources_1/bd/design_1/synth/design_1.vhd:160]
INFO: [Synth 8-638] synthesizing module 'design_1_fifo_generator_0_0' [/home/adrianna/Git/LED_matrix_driver/LED_matrix_driver.runs/synth_1/.Xil/Vivado-30741-adrianna-linux/realtime/design_1_fifo_generator_0_0_stub.vhdl:28]
INFO: [Synth 8-3491] module 'design_1_proc_sys_reset_0_0' declared at '/home/adrianna/Git/LED_matrix_driver/LED_matrix_driver.runs/synth_1/.Xil/Vivado-30741-adrianna-linux/realtime/design_1_proc_sys_reset_0_0_stub.vhdl:6' bound to instance 'proc_sys_reset_0' of component 'design_1_proc_sys_reset_0_0' [/home/adrianna/Git/LED_matrix_driver/LED_matrix_driver.gen/sources_1/bd/design_1/synth/design_1.vhd:173]
INFO: [Synth 8-638] synthesizing module 'design_1_proc_sys_reset_0_0' [/home/adrianna/Git/LED_matrix_driver/LED_matrix_driver.runs/synth_1/.Xil/Vivado-30741-adrianna-linux/realtime/design_1_proc_sys_reset_0_0_stub.vhdl:28]
INFO: [Synth 8-3491] module 'design_1_seven_seg_0_0' declared at '/home/adrianna/Git/LED_matrix_driver/LED_matrix_driver.runs/synth_1/.Xil/Vivado-30741-adrianna-linux/realtime/design_1_seven_seg_0_0_stub.vhdl:6' bound to instance 'seven_seg_0' of component 'design_1_seven_seg_0_0' [/home/adrianna/Git/LED_matrix_driver/LED_matrix_driver.gen/sources_1/bd/design_1/synth/design_1.vhd:186]
INFO: [Synth 8-638] synthesizing module 'design_1_seven_seg_0_0' [/home/adrianna/Git/LED_matrix_driver/LED_matrix_driver.runs/synth_1/.Xil/Vivado-30741-adrianna-linux/realtime/design_1_seven_seg_0_0_stub.vhdl:34]
INFO: [Synth 8-3491] module 'design_1_system_ila_0_0' declared at '/home/adrianna/Git/LED_matrix_driver/LED_matrix_driver.runs/synth_1/.Xil/Vivado-30741-adrianna-linux/realtime/design_1_system_ila_0_0_stub.vhdl:6' bound to instance 'system_ila_0' of component 'design_1_system_ila_0_0' [/home/adrianna/Git/LED_matrix_driver/LED_matrix_driver.gen/sources_1/bd/design_1/synth/design_1.vhd:203]
INFO: [Synth 8-638] synthesizing module 'design_1_system_ila_0_0' [/home/adrianna/Git/LED_matrix_driver/LED_matrix_driver.runs/synth_1/.Xil/Vivado-30741-adrianna-linux/realtime/design_1_system_ila_0_0_stub.vhdl:22]
INFO: [Synth 8-3491] module 'design_1_xlconstant_1_0' declared at '/home/adrianna/Git/LED_matrix_driver/LED_matrix_driver.gen/sources_1/bd/design_1/ip/design_1_xlconstant_1_0/synth/design_1_xlconstant_1_0.v:53' bound to instance 'xlconstant_1' of component 'design_1_xlconstant_1_0' [/home/adrianna/Git/LED_matrix_driver/LED_matrix_driver.gen/sources_1/bd/design_1/synth/design_1.vhd:210]
INFO: [Synth 8-6157] synthesizing module 'design_1_xlconstant_1_0' [/home/adrianna/Git/LED_matrix_driver/LED_matrix_driver.gen/sources_1/bd/design_1/ip/design_1_xlconstant_1_0/synth/design_1_xlconstant_1_0.v:53]
INFO: [Synth 8-6157] synthesizing module 'xlconstant_v1_1_9_xlconstant' [/home/adrianna/Git/LED_matrix_driver/LED_matrix_driver.gen/sources_1/bd/design_1/ipshared/e2d2/hdl/xlconstant_v1_1_vl_rfs.v:68]
INFO: [Synth 8-6155] done synthesizing module 'xlconstant_v1_1_9_xlconstant' (0#1) [/home/adrianna/Git/LED_matrix_driver/LED_matrix_driver.gen/sources_1/bd/design_1/ipshared/e2d2/hdl/xlconstant_v1_1_vl_rfs.v:68]
INFO: [Synth 8-6155] done synthesizing module 'design_1_xlconstant_1_0' (0#1) [/home/adrianna/Git/LED_matrix_driver/LED_matrix_driver.gen/sources_1/bd/design_1/ip/design_1_xlconstant_1_0/synth/design_1_xlconstant_1_0.v:53]
INFO: [Synth 8-256] done synthesizing module 'design_1' (0#1) [/home/adrianna/Git/LED_matrix_driver/LED_matrix_driver.gen/sources_1/bd/design_1/synth/design_1.vhd:40]
INFO: [Synth 8-256] done synthesizing module 'design_1_wrapper' (0#1) [/home/adrianna/Git/LED_matrix_driver/LED_matrix_driver.gen/sources_1/bd/design_1/hdl/design_1_wrapper.vhd:36]
---------------------------------------------------------------------------------
Finished RTL Elaboration : Time (s): cpu = 00:00:07 ; elapsed = 00:00:08 . Memory (MB): peak = 2083.508 ; gain = 499.766 ; free physical = 3074 ; free virtual = 10181
---------------------------------------------------------------------------------
---------------------------------------------------------------------------------
Start Handling Custom Attributes
---------------------------------------------------------------------------------
---------------------------------------------------------------------------------
Finished Handling Custom Attributes : Time (s): cpu = 00:00:07 ; elapsed = 00:00:08 . Memory (MB): peak = 2089.445 ; gain = 505.703 ; free physical = 3077 ; free virtual = 10185
---------------------------------------------------------------------------------
---------------------------------------------------------------------------------
Finished RTL Optimization Phase 1 : Time (s): cpu = 00:00:07 ; elapsed = 00:00:08 . Memory (MB): peak = 2089.445 ; gain = 505.703 ; free physical = 3077 ; free virtual = 10185
---------------------------------------------------------------------------------
Netlist sorting complete. Time (s): cpu = 00:00:00 ; elapsed = 00:00:00 . Memory (MB): peak = 2089.445 ; gain = 0.000 ; free physical = 3090 ; free virtual = 10197
INFO: [Project 1-570] Preparing netlist for logic optimization

Processing XDC Constraints
Initializing timing engine
Parsing XDC File [/home/adrianna/Git/LED_matrix_driver/LED_matrix_driver.gen/sources_1/bd/design_1/ip/design_1_clk_wiz_0/design_1_clk_wiz_0/design_1_clk_wiz_0_in_context.xdc] for cell 'design_1_i/clk_wiz'
Finished Parsing XDC File [/home/adrianna/Git/LED_matrix_driver/LED_matrix_driver.gen/sources_1/bd/design_1/ip/design_1_clk_wiz_0/design_1_clk_wiz_0/design_1_clk_wiz_0_in_context.xdc] for cell 'design_1_i/clk_wiz'
Parsing XDC File [/home/adrianna/Git/LED_matrix_driver/LED_matrix_driver.gen/sources_1/bd/design_1/ip/design_1_UART_RX_0_0/design_1_UART_RX_0_0/design_1_UART_RX_0_0_in_context.xdc] for cell 'design_1_i/UART_RX_0'
Finished Parsing XDC File [/home/adrianna/Git/LED_matrix_driver/LED_matrix_driver.gen/sources_1/bd/design_1/ip/design_1_UART_RX_0_0/design_1_UART_RX_0_0/design_1_UART_RX_0_0_in_context.xdc] for cell 'design_1_i/UART_RX_0'
Parsing XDC File [/home/adrianna/Git/LED_matrix_driver/LED_matrix_driver.gen/sources_1/bd/design_1/ip/design_1_proc_sys_reset_0_0/design_1_proc_sys_reset_0_0/design_1_proc_sys_reset_0_0_in_context.xdc] for cell 'design_1_i/proc_sys_reset_0'
Finished Parsing XDC File [/home/adrianna/Git/LED_matrix_driver/LED_matrix_driver.gen/sources_1/bd/design_1/ip/design_1_proc_sys_reset_0_0/design_1_proc_sys_reset_0_0/design_1_proc_sys_reset_0_0_in_context.xdc] for cell 'design_1_i/proc_sys_reset_0'
Parsing XDC File [/home/adrianna/Git/LED_matrix_driver/LED_matrix_driver.gen/sources_1/bd/design_1/ip/design_1_fifo_generator_0_0/design_1_fifo_generator_0_0/design_1_fifo_generator_0_0_in_context.xdc] for cell 'design_1_i/fifo_generator_0'
Finished Parsing XDC File [/home/adrianna/Git/LED_matrix_driver/LED_matrix_driver.gen/sources_1/bd/design_1/ip/design_1_fifo_generator_0_0/design_1_fifo_generator_0_0/design_1_fifo_generator_0_0_in_context.xdc] for cell 'design_1_i/fifo_generator_0'
Parsing XDC File [/home/adrianna/Git/LED_matrix_driver/LED_matrix_driver.gen/sources_1/bd/design_1/ip/design_1_seven_seg_0_0/design_1_seven_seg_0_0/design_1_seven_seg_0_0_in_context.xdc] for cell 'design_1_i/seven_seg_0'
Finished Parsing XDC File [/home/adrianna/Git/LED_matrix_driver/LED_matrix_driver.gen/sources_1/bd/design_1/ip/design_1_seven_seg_0_0/design_1_seven_seg_0_0/design_1_seven_seg_0_0_in_context.xdc] for cell 'design_1_i/seven_seg_0'
Parsing XDC File [/home/adrianna/Git/LED_matrix_driver/LED_matrix_driver.gen/sources_1/bd/design_1/ip/design_1_system_ila_0_0/design_1_system_ila_0_0/design_1_system_ila_0_0_in_context.xdc] for cell 'design_1_i/system_ila_0'
Finished Parsing XDC File [/home/adrianna/Git/LED_matrix_driver/LED_matrix_driver.gen/sources_1/bd/design_1/ip/design_1_system_ila_0_0/design_1_system_ila_0_0/design_1_system_ila_0_0_in_context.xdc] for cell 'design_1_i/system_ila_0'
Parsing XDC File [/home/adrianna/Documents/digilent-xdc-master/Basys-3-Master.xdc]
WARNING: [Vivado 12-584] No ports matched 'led2'. [/home/adrianna/Documents/digilent-xdc-master/Basys-3-Master.xdc:33]
WARNING: [Vivado 12-584] No ports matched 'DP'. [/home/adrianna/Documents/digilent-xdc-master/Basys-3-Master.xdc:58]
Finished Parsing XDC File [/home/adrianna/Documents/digilent-xdc-master/Basys-3-Master.xdc]
WARNING: [Project 1-498] One or more constraints failed evaluation while reading constraint file [/home/adrianna/Documents/digilent-xdc-master/Basys-3-Master.xdc] and the design contains unresolved black boxes. These constraints will be read post-synthesis (as long as their source constraint file is marked as used_in_implementation) and should be applied correctly then. You should review the constraints listed in the file [.Xil/design_1_wrapper_propImpl.xdc] and check the run log file to verify that these constraints were correctly applied.
INFO: [Project 1-236] Implementation specific constraints were found while reading constraint file [/home/adrianna/Documents/digilent-xdc-master/Basys-3-Master.xdc]. These constraints will be ignored for synthesis but will be used in implementation. Impacted constraints are listed in the file [.Xil/design_1_wrapper_propImpl.xdc].
Resolution: To avoid this warning, move constraints listed in [.Xil/design_1_wrapper_propImpl.xdc] to another XDC file and exclude this new file from synthesis with the used_in_synthesis property (File Properties dialog in GUI) and re-run elaboration/synthesis.
Parsing XDC File [/home/adrianna/Git/LED_matrix_driver/LED_matrix_driver.runs/synth_1/dont_touch.xdc]
Finished Parsing XDC File [/home/adrianna/Git/LED_matrix_driver/LED_matrix_driver.runs/synth_1/dont_touch.xdc]
Completed Processing XDC Constraints

Netlist sorting complete. Time (s): cpu = 00:00:00 ; elapsed = 00:00:00 . Memory (MB): peak = 2137.098 ; gain = 0.000 ; free physical = 3105 ; free virtual = 10213
INFO: [Project 1-111] Unisim Transformation Summary:
No Unisim elements were transformed.

Constraint Validation Runtime : Time (s): cpu = 00:00:00 ; elapsed = 00:00:00 . Memory (MB): peak = 2137.098 ; gain = 0.000 ; free physical = 3105 ; free virtual = 10213
INFO: [Designutils 20-5440] No compile time benefit to using incremental synthesis; A full resynthesis will be run
INFO: [Designutils 20-4379] Flow is switching to default flow due to incremental criteria not met. If you would like to alter this behaviour and have the flow terminate instead, please set the following parameter config_implementation {autoIncr.Synth.RejectBehavior Terminate}
---------------------------------------------------------------------------------
Finished Constraint Validation : Time (s): cpu = 00:00:15 ; elapsed = 00:00:16 . Memory (MB): peak = 2137.098 ; gain = 553.355 ; free physical = 3198 ; free virtual = 10306
---------------------------------------------------------------------------------
---------------------------------------------------------------------------------
Start Loading Part and Timing Information
---------------------------------------------------------------------------------
Loading part: xc7a35tcpg236-1
---------------------------------------------------------------------------------
Finished Loading Part and Timing Information : Time (s): cpu = 00:00:15 ; elapsed = 00:00:16 . Memory (MB): peak = 2145.102 ; gain = 561.359 ; free physical = 3200 ; free virtual = 10308
---------------------------------------------------------------------------------
---------------------------------------------------------------------------------
Start Applying 'set_property' XDC Constraints
---------------------------------------------------------------------------------
Applied set_property IO_BUFFER_TYPE = NONE for clk. (constraint file  /home/adrianna/Git/LED_matrix_driver/LED_matrix_driver.gen/sources_1/bd/design_1/ip/design_1_clk_wiz_0/design_1_clk_wiz_0/design_1_clk_wiz_0_in_context.xdc, line 4).
Applied set_property CLOCK_BUFFER_TYPE = NONE for clk. (constraint file  /home/adrianna/Git/LED_matrix_driver/LED_matrix_driver.gen/sources_1/bd/design_1/ip/design_1_clk_wiz_0/design_1_clk_wiz_0/design_1_clk_wiz_0_in_context.xdc, line 5).
Applied set_property KEEP_HIERARCHY = SOFT for design_1_i. (constraint file  auto generated constraint).
Applied set_property KEEP_HIERARCHY = SOFT for design_1_i/clk_wiz. (constraint file  auto generated constraint).
Applied set_property KEEP_HIERARCHY = SOFT for design_1_i/UART_RX_0. (constraint file  auto generated constraint).
Applied set_property KEEP_HIERARCHY = SOFT for design_1_i/proc_sys_reset_0. (constraint file  auto generated constraint).
Applied set_property KEEP_HIERARCHY = SOFT for design_1_i/fifo_generator_0. (constraint file  auto generated constraint).
Applied set_property KEEP_HIERARCHY = SOFT for design_1_i/seven_seg_0. (constraint file  auto generated constraint).
Applied set_property KEEP_HIERARCHY = SOFT for design_1_i/xlconstant_1. (constraint file  auto generated constraint).
Applied set_property KEEP_HIERARCHY = SOFT for design_1_i/system_ila_0. (constraint file  auto generated constraint).
---------------------------------------------------------------------------------
Finished applying 'set_property' XDC Constraints : Time (s): cpu = 00:00:15 ; elapsed = 00:00:16 . Memory (MB): peak = 2145.102 ; gain = 561.359 ; free physical = 3208 ; free virtual = 10316
---------------------------------------------------------------------------------
---------------------------------------------------------------------------------
Finished RTL Optimization Phase 2 : Time (s): cpu = 00:00:16 ; elapsed = 00:00:16 . Memory (MB): peak = 2145.102 ; gain = 561.359 ; free physical = 3208 ; free virtual = 10316
---------------------------------------------------------------------------------
---------------------------------------------------------------------------------
Start RTL Component Statistics 
---------------------------------------------------------------------------------
Detailed RTL Component Info : 
---------------------------------------------------------------------------------
Finished RTL Component Statistics 
---------------------------------------------------------------------------------
---------------------------------------------------------------------------------
Start Part Resource Summary
---------------------------------------------------------------------------------
Part Resources:
DSPs: 90 (col length:60)
BRAMs: 100 (col length: RAMB18 60 RAMB36 30)
---------------------------------------------------------------------------------
Finished Part Resource Summary
---------------------------------------------------------------------------------
---------------------------------------------------------------------------------
Start Cross Boundary and Area Optimization
---------------------------------------------------------------------------------
WARNING: [Synth 8-7080] Parallel synthesis criteria is not met
---------------------------------------------------------------------------------
Finished Cross Boundary and Area Optimization : Time (s): cpu = 00:00:18 ; elapsed = 00:00:18 . Memory (MB): peak = 2145.102 ; gain = 561.359 ; free physical = 3227 ; free virtual = 10340
---------------------------------------------------------------------------------
---------------------------------------------------------------------------------
Start Applying XDC Timing Constraints
---------------------------------------------------------------------------------
---------------------------------------------------------------------------------
Finished Applying XDC Timing Constraints : Time (s): cpu = 00:00:25 ; elapsed = 00:00:26 . Memory (MB): peak = 2220.102 ; gain = 636.359 ; free physical = 3167 ; free virtual = 10279
---------------------------------------------------------------------------------
---------------------------------------------------------------------------------
Start Timing Optimization
---------------------------------------------------------------------------------
---------------------------------------------------------------------------------
Finished Timing Optimization : Time (s): cpu = 00:00:25 ; elapsed = 00:00:26 . Memory (MB): peak = 2220.102 ; gain = 636.359 ; free physical = 3167 ; free virtual = 10279
---------------------------------------------------------------------------------
---------------------------------------------------------------------------------
Start Technology Mapping
---------------------------------------------------------------------------------
---------------------------------------------------------------------------------
Finished Technology Mapping : Time (s): cpu = 00:00:25 ; elapsed = 00:00:26 . Memory (MB): peak = 2230.117 ; gain = 646.375 ; free physical = 3159 ; free virtual = 10271
---------------------------------------------------------------------------------
---------------------------------------------------------------------------------
Start IO Insertion
---------------------------------------------------------------------------------
---------------------------------------------------------------------------------
Start Flattening Before IO Insertion
---------------------------------------------------------------------------------
---------------------------------------------------------------------------------
Finished Flattening Before IO Insertion
---------------------------------------------------------------------------------
---------------------------------------------------------------------------------
Start Final Netlist Cleanup
---------------------------------------------------------------------------------
---------------------------------------------------------------------------------
Finished Final Netlist Cleanup
---------------------------------------------------------------------------------
---------------------------------------------------------------------------------
Finished IO Insertion : Time (s): cpu = 00:00:30 ; elapsed = 00:00:30 . Memory (MB): peak = 2399.930 ; gain = 816.188 ; free physical = 3022 ; free virtual = 10134
---------------------------------------------------------------------------------
---------------------------------------------------------------------------------
Start Renaming Generated Instances
---------------------------------------------------------------------------------
---------------------------------------------------------------------------------
Finished Renaming Generated Instances : Time (s): cpu = 00:00:30 ; elapsed = 00:00:30 . Memory (MB): peak = 2399.930 ; gain = 816.188 ; free physical = 3022 ; free virtual = 10134
---------------------------------------------------------------------------------
---------------------------------------------------------------------------------
Start Rebuilding User Hierarchy
---------------------------------------------------------------------------------
---------------------------------------------------------------------------------
Finished Rebuilding User Hierarchy : Time (s): cpu = 00:00:30 ; elapsed = 00:00:30 . Memory (MB): peak = 2399.930 ; gain = 816.188 ; free physical = 3022 ; free virtual = 10134
---------------------------------------------------------------------------------
---------------------------------------------------------------------------------
Start Renaming Generated Ports
---------------------------------------------------------------------------------
---------------------------------------------------------------------------------
Finished Renaming Generated Ports : Time (s): cpu = 00:00:30 ; elapsed = 00:00:30 . Memory (MB): peak = 2399.930 ; gain = 816.188 ; free physical = 3022 ; free virtual = 10134
---------------------------------------------------------------------------------
---------------------------------------------------------------------------------
Start Handling Custom Attributes
---------------------------------------------------------------------------------
---------------------------------------------------------------------------------
Finished Handling Custom Attributes : Time (s): cpu = 00:00:30 ; elapsed = 00:00:30 . Memory (MB): peak = 2399.930 ; gain = 816.188 ; free physical = 3022 ; free virtual = 10134
---------------------------------------------------------------------------------
---------------------------------------------------------------------------------
Start Renaming Generated Nets
---------------------------------------------------------------------------------
---------------------------------------------------------------------------------
Finished Renaming Generated Nets : Time (s): cpu = 00:00:30 ; elapsed = 00:00:30 . Memory (MB): peak = 2399.930 ; gain = 816.188 ; free physical = 3022 ; free virtual = 10134
---------------------------------------------------------------------------------
---------------------------------------------------------------------------------
Start Writing Synthesis Report
---------------------------------------------------------------------------------

Report BlackBoxes: 
+------+----------------------------+----------+
|      |BlackBox name               |Instances |
+------+----------------------------+----------+
|1     |design_1_UART_RX_0_0        |         1|
|2     |design_1_clk_wiz_0          |         1|
|3     |design_1_fifo_generator_0_0 |         1|
|4     |design_1_proc_sys_reset_0_0 |         1|
|5     |design_1_seven_seg_0_0      |         1|
|6     |design_1_system_ila_0_0     |         1|
+------+----------------------------+----------+

Report Cell Usage: 
+------+---------------------------------+------+
|      |Cell                             |Count |
+------+---------------------------------+------+
|1     |design_1_UART_RX_0_0_bbox        |     1|
|2     |design_1_clk_wiz_0_bbox          |     1|
|3     |design_1_fifo_generator_0_0_bbox |     1|
|4     |design_1_proc_sys_reset_0_0_bbox |     1|
|5     |design_1_seven_seg_0_0_bbox      |     1|
|6     |design_1_system_ila_0_0_bbox     |     1|
|7     |IBUF                             |     2|
|8     |OBUF                             |    13|
+------+---------------------------------+------+
---------------------------------------------------------------------------------
Finished Writing Synthesis Report : Time (s): cpu = 00:00:30 ; elapsed = 00:00:30 . Memory (MB): peak = 2399.930 ; gain = 816.188 ; free physical = 3022 ; free virtual = 10134
---------------------------------------------------------------------------------
Synthesis finished with 0 errors, 0 critical warnings and 1 warnings.
Synthesis Optimization Runtime : Time (s): cpu = 00:00:28 ; elapsed = 00:00:28 . Memory (MB): peak = 2399.930 ; gain = 768.535 ; free physical = 3022 ; free virtual = 10134
Synthesis Optimization Complete : Time (s): cpu = 00:00:30 ; elapsed = 00:00:30 . Memory (MB): peak = 2399.938 ; gain = 816.188 ; free physical = 3022 ; free virtual = 10134
INFO: [Project 1-571] Translating synthesized netlist
Netlist sorting complete. Time (s): cpu = 00:00:00 ; elapsed = 00:00:00 . Memory (MB): peak = 2399.938 ; gain = 0.000 ; free physical = 3022 ; free virtual = 10134
INFO: [Project 1-570] Preparing netlist for logic optimization
INFO: [Opt 31-138] Pushed 0 inverter(s) to 0 load pin(s).
Netlist sorting complete. Time (s): cpu = 00:00:00 ; elapsed = 00:00:00 . Memory (MB): peak = 2399.938 ; gain = 0.000 ; free physical = 3197 ; free virtual = 10310
INFO: [Project 1-111] Unisim Transformation Summary:
No Unisim elements were transformed.

Synth Design complete | Checksum: 4843e791
INFO: [Common 17-83] Releasing license: Synthesis
45 Infos, 4 Warnings, 0 Critical Warnings and 0 Errors encountered.
synth_design completed successfully
synth_design: Time (s): cpu = 00:00:46 ; elapsed = 00:00:41 . Memory (MB): peak = 2399.938 ; gain = 1009.531 ; free physical = 3197 ; free virtual = 10310
INFO: [Common 17-2834] synth_design peak Physical Memory [PSS] (MB): overall = 1820.095; main = 1610.607; forked = 269.717
INFO: [Common 17-2834] synth_design peak Virtual Memory [VSS] (MB): overall = 3290.125; main = 2399.934; forked = 917.004
Write ShapeDB Complete: Time (s): cpu = 00:00:00 ; elapsed = 00:00:00 . Memory (MB): peak = 2423.941 ; gain = 0.000 ; free physical = 3197 ; free virtual = 10310
INFO: [Common 17-1381] The checkpoint '/home/adrianna/Git/LED_matrix_driver/LED_matrix_driver.runs/synth_1/design_1_wrapper.dcp' has been generated.
INFO: [Vivado 12-24828] Executing command : report_utilization -file design_1_wrapper_utilization_synth.rpt -pb design_1_wrapper_utilization_synth.pb
INFO: [Common 17-206] Exiting Vivado at Mon Dec  8 00:49:42 2025...
