
*** Running vivado
    with args -log design_1_UART_RX_0_1.vds -m64 -product Vivado -mode batch -messageDb vivado.pb -notrace -source design_1_UART_RX_0_1.tcl


****** Vivado v2024.2 (64-bit)
  **** SW Build 5239630 on Fri Nov 08 22:34:34 MST 2024
  **** IP Build 5239520 on Sun Nov 10 16:12:51 MST 2024
  **** SharedData Build 5239561 on Fri Nov 08 14:39:27 MST 2024
  **** Start of session at: Sat Dec 20 21:52:09 2025
    ** Copyright 1986-2022 Xilinx, Inc. All Rights Reserved.
    ** Copyright 2022-2024 Advanced Micro Devices, Inc. All Rights Reserved.

source design_1_UART_RX_0_1.tcl -notrace
create_project: Time (s): cpu = 00:00:07 ; elapsed = 00:00:07 . Memory (MB): peak = 1469.137 ; gain = 0.027 ; free physical = 388 ; free virtual = 6936
INFO: [IP_Flow 19-234] Refreshing IP repositories
INFO: [IP_Flow 19-1704] No user IP repositories specified
INFO: [IP_Flow 19-2313] Loaded Vivado IP repository '/tools/Xilinx/Vivado/2024.2/data/ip'.
Command: synth_design -top design_1_UART_RX_0_1 -part xc7a35tcpg236-1 -incremental_mode off -mode out_of_context
Starting synth_design
Attempting to get a license for feature 'Synthesis' and/or device 'xc7a35t'
INFO: [Common 17-349] Got license for feature 'Synthesis' and/or device 'xc7a35t'
INFO: [Device 21-403] Loading part xc7a35tcpg236-1
INFO: [Synth 8-7079] Multithreading enabled for synth_design using a maximum of 7 processes.
INFO: [Synth 8-7078] Launching helper process for spawning children vivado processes
INFO: [Synth 8-7075] Helper process launched with PID 103890
---------------------------------------------------------------------------------
Starting RTL Elaboration : Time (s): cpu = 00:00:08 ; elapsed = 00:00:11 . Memory (MB): peak = 1969.512 ; gain = 420.797 ; free physical = 156 ; free virtual = 4821
---------------------------------------------------------------------------------
INFO: [Synth 8-638] synthesizing module 'design_1_UART_RX_0_1' [/home/adrianna/Git/LED_matrix_driver/LED_matrix_driver.gen/sources_1/bd/design_1/ip/design_1_UART_RX_0_1/synth/design_1_UART_RX_0_1.vhd:65]
	Parameter g_CLKS_PER_BIT bound to: 869 - type: integer 
INFO: [Synth 8-3491] module 'UART_RX' declared at '/home/adrianna/Git/LED_matrix_driver/LED_matrix_driver.srcs/sources_1/new/uart_rx.vhd:18' bound to instance 'U0' of component 'UART_RX' [/home/adrianna/Git/LED_matrix_driver/LED_matrix_driver.gen/sources_1/bd/design_1/ip/design_1_UART_RX_0_1/synth/design_1_UART_RX_0_1.vhd:94]
INFO: [Synth 8-638] synthesizing module 'UART_RX' [/home/adrianna/Git/LED_matrix_driver/LED_matrix_driver.srcs/sources_1/new/uart_rx.vhd:32]
INFO: [Synth 8-256] done synthesizing module 'UART_RX' (0#1) [/home/adrianna/Git/LED_matrix_driver/LED_matrix_driver.srcs/sources_1/new/uart_rx.vhd:32]
INFO: [Synth 8-256] done synthesizing module 'design_1_UART_RX_0_1' (0#1) [/home/adrianna/Git/LED_matrix_driver/LED_matrix_driver.gen/sources_1/bd/design_1/ip/design_1_UART_RX_0_1/synth/design_1_UART_RX_0_1.vhd:65]
---------------------------------------------------------------------------------
Finished RTL Elaboration : Time (s): cpu = 00:00:10 ; elapsed = 00:00:14 . Memory (MB): peak = 2044.449 ; gain = 495.734 ; free physical = 178 ; free virtual = 4663
---------------------------------------------------------------------------------
---------------------------------------------------------------------------------
Start Handling Custom Attributes
---------------------------------------------------------------------------------
---------------------------------------------------------------------------------
Finished Handling Custom Attributes : Time (s): cpu = 00:00:10 ; elapsed = 00:00:14 . Memory (MB): peak = 2059.293 ; gain = 510.578 ; free physical = 177 ; free virtual = 4662
---------------------------------------------------------------------------------
---------------------------------------------------------------------------------
Finished RTL Optimization Phase 1 : Time (s): cpu = 00:00:10 ; elapsed = 00:00:14 . Memory (MB): peak = 2059.293 ; gain = 510.578 ; free physical = 177 ; free virtual = 4662
---------------------------------------------------------------------------------
Netlist sorting complete. Time (s): cpu = 00:00:00 ; elapsed = 00:00:00 . Memory (MB): peak = 2059.293 ; gain = 0.000 ; free physical = 177 ; free virtual = 4662
INFO: [Project 1-570] Preparing netlist for logic optimization

Processing XDC Constraints
Initializing timing engine
Completed Processing XDC Constraints

Netlist sorting complete. Time (s): cpu = 00:00:00 ; elapsed = 00:00:00 . Memory (MB): peak = 2162.031 ; gain = 0.000 ; free physical = 158 ; free virtual = 4644
INFO: [Project 1-111] Unisim Transformation Summary:
No Unisim elements were transformed.

Constraint Validation Runtime : Time (s): cpu = 00:00:00.02 ; elapsed = 00:00:00.02 . Memory (MB): peak = 2162.031 ; gain = 0.000 ; free physical = 166 ; free virtual = 4652
INFO: [Designutils 20-5008] Incremental synthesis strategy off
---------------------------------------------------------------------------------
Finished Constraint Validation : Time (s): cpu = 00:00:19 ; elapsed = 00:00:23 . Memory (MB): peak = 2162.031 ; gain = 613.316 ; free physical = 171 ; free virtual = 4660
---------------------------------------------------------------------------------
---------------------------------------------------------------------------------
Start Loading Part and Timing Information
---------------------------------------------------------------------------------
Loading part: xc7a35tcpg236-1
---------------------------------------------------------------------------------
Finished Loading Part and Timing Information : Time (s): cpu = 00:00:20 ; elapsed = 00:00:23 . Memory (MB): peak = 2170.035 ; gain = 621.320 ; free physical = 171 ; free virtual = 4659
---------------------------------------------------------------------------------
---------------------------------------------------------------------------------
Start Applying 'set_property' XDC Constraints
---------------------------------------------------------------------------------
---------------------------------------------------------------------------------
Finished applying 'set_property' XDC Constraints : Time (s): cpu = 00:00:20 ; elapsed = 00:00:23 . Memory (MB): peak = 2170.035 ; gain = 621.320 ; free physical = 171 ; free virtual = 4659
---------------------------------------------------------------------------------
---------------------------------------------------------------------------------
Finished RTL Optimization Phase 2 : Time (s): cpu = 00:00:20 ; elapsed = 00:00:23 . Memory (MB): peak = 2170.035 ; gain = 621.320 ; free physical = 167 ; free virtual = 4656
---------------------------------------------------------------------------------
---------------------------------------------------------------------------------
Start RTL Component Statistics 
---------------------------------------------------------------------------------
Detailed RTL Component Info : 
+---Adders : 
	   2 Input   10 Bit       Adders := 1     
	   2 Input    3 Bit       Adders := 1     
+---Registers : 
	               10 Bit    Registers := 1     
	                8 Bit    Registers := 1     
	                3 Bit    Registers := 2     
	                1 Bit    Registers := 1     
+---Muxes : 
	   6 Input   10 Bit        Muxes := 1     
	   6 Input    8 Bit        Muxes := 1     
	   2 Input    8 Bit        Muxes := 1     
	   2 Input    3 Bit        Muxes := 2     
	   2 Input    2 Bit        Muxes := 1     
	   3 Input    2 Bit        Muxes := 1     
	   6 Input    1 Bit        Muxes := 2     
	   2 Input    1 Bit        Muxes := 1     
	   5 Input    1 Bit        Muxes := 1     
---------------------------------------------------------------------------------
Finished RTL Component Statistics 
---------------------------------------------------------------------------------
---------------------------------------------------------------------------------
Start Part Resource Summary
---------------------------------------------------------------------------------
Part Resources:
DSPs: 90 (col length:60)
BRAMs: 100 (col length: RAMB18 60 RAMB36 30)
---------------------------------------------------------------------------------
Finished Part Resource Summary
---------------------------------------------------------------------------------
---------------------------------------------------------------------------------
Start Cross Boundary and Area Optimization
---------------------------------------------------------------------------------
WARNING: [Synth 8-7080] Parallel synthesis criteria is not met
---------------------------------------------------------------------------------
Finished Cross Boundary and Area Optimization : Time (s): cpu = 00:00:23 ; elapsed = 00:00:26 . Memory (MB): peak = 2170.035 ; gain = 621.320 ; free physical = 172 ; free virtual = 4624
---------------------------------------------------------------------------------
---------------------------------------------------------------------------------
Start Applying XDC Timing Constraints
---------------------------------------------------------------------------------
---------------------------------------------------------------------------------
Finished Applying XDC Timing Constraints : Time (s): cpu = 00:00:31 ; elapsed = 00:00:35 . Memory (MB): peak = 2208.035 ; gain = 659.320 ; free physical = 215 ; free virtual = 4408
---------------------------------------------------------------------------------
---------------------------------------------------------------------------------
Start Timing Optimization
---------------------------------------------------------------------------------
---------------------------------------------------------------------------------
Finished Timing Optimization : Time (s): cpu = 00:00:31 ; elapsed = 00:00:35 . Memory (MB): peak = 2208.035 ; gain = 659.320 ; free physical = 215 ; free virtual = 4408
---------------------------------------------------------------------------------
---------------------------------------------------------------------------------
Start Technology Mapping
---------------------------------------------------------------------------------
---------------------------------------------------------------------------------
Finished Technology Mapping : Time (s): cpu = 00:00:31 ; elapsed = 00:00:35 . Memory (MB): peak = 2227.066 ; gain = 678.352 ; free physical = 191 ; free virtual = 4384
---------------------------------------------------------------------------------
---------------------------------------------------------------------------------
Start IO Insertion
---------------------------------------------------------------------------------
---------------------------------------------------------------------------------
Start Flattening Before IO Insertion
---------------------------------------------------------------------------------
---------------------------------------------------------------------------------
Finished Flattening Before IO Insertion
---------------------------------------------------------------------------------
---------------------------------------------------------------------------------
Start Final Netlist Cleanup
---------------------------------------------------------------------------------
---------------------------------------------------------------------------------
Finished Final Netlist Cleanup
---------------------------------------------------------------------------------
---------------------------------------------------------------------------------
Finished IO Insertion : Time (s): cpu = 00:00:37 ; elapsed = 00:00:40 . Memory (MB): peak = 2386.879 ; gain = 838.164 ; free physical = 313 ; free virtual = 4067
---------------------------------------------------------------------------------
---------------------------------------------------------------------------------
Start Renaming Generated Instances
---------------------------------------------------------------------------------
---------------------------------------------------------------------------------
Finished Renaming Generated Instances : Time (s): cpu = 00:00:37 ; elapsed = 00:00:40 . Memory (MB): peak = 2386.879 ; gain = 838.164 ; free physical = 313 ; free virtual = 4067
---------------------------------------------------------------------------------
---------------------------------------------------------------------------------
Start Rebuilding User Hierarchy
---------------------------------------------------------------------------------
---------------------------------------------------------------------------------
Finished Rebuilding User Hierarchy : Time (s): cpu = 00:00:37 ; elapsed = 00:00:40 . Memory (MB): peak = 2386.879 ; gain = 838.164 ; free physical = 313 ; free virtual = 4067
---------------------------------------------------------------------------------
---------------------------------------------------------------------------------
Start Renaming Generated Ports
---------------------------------------------------------------------------------
---------------------------------------------------------------------------------
Finished Renaming Generated Ports : Time (s): cpu = 00:00:37 ; elapsed = 00:00:40 . Memory (MB): peak = 2386.879 ; gain = 838.164 ; free physical = 313 ; free virtual = 4067
---------------------------------------------------------------------------------
---------------------------------------------------------------------------------
Start Handling Custom Attributes
---------------------------------------------------------------------------------
---------------------------------------------------------------------------------
Finished Handling Custom Attributes : Time (s): cpu = 00:00:37 ; elapsed = 00:00:40 . Memory (MB): peak = 2386.879 ; gain = 838.164 ; free physical = 313 ; free virtual = 4067
---------------------------------------------------------------------------------
---------------------------------------------------------------------------------
Start Renaming Generated Nets
---------------------------------------------------------------------------------
---------------------------------------------------------------------------------
Finished Renaming Generated Nets : Time (s): cpu = 00:00:37 ; elapsed = 00:00:41 . Memory (MB): peak = 2386.879 ; gain = 838.164 ; free physical = 313 ; free virtual = 4067
---------------------------------------------------------------------------------
---------------------------------------------------------------------------------
Start Writing Synthesis Report
---------------------------------------------------------------------------------

Report BlackBoxes: 
+-+--------------+----------+
| |BlackBox name |Instances |
+-+--------------+----------+
+-+--------------+----------+

Report Cell Usage: 
+------+-----+------+
|      |Cell |Count |
+------+-----+------+
|1     |LUT2 |     1|
|2     |LUT3 |     5|
|3     |LUT4 |     5|
|4     |LUT5 |     8|
|5     |LUT6 |    26|
|6     |FDRE |    25|
+------+-----+------+
---------------------------------------------------------------------------------
Finished Writing Synthesis Report : Time (s): cpu = 00:00:37 ; elapsed = 00:00:41 . Memory (MB): peak = 2386.879 ; gain = 838.164 ; free physical = 313 ; free virtual = 4067
---------------------------------------------------------------------------------
Synthesis finished with 0 errors, 0 critical warnings and 1 warnings.
Synthesis Optimization Runtime : Time (s): cpu = 00:00:35 ; elapsed = 00:00:38 . Memory (MB): peak = 2386.879 ; gain = 735.426 ; free physical = 313 ; free virtual = 4067
Synthesis Optimization Complete : Time (s): cpu = 00:00:37 ; elapsed = 00:00:41 . Memory (MB): peak = 2386.887 ; gain = 838.164 ; free physical = 313 ; free virtual = 4067
INFO: [Project 1-571] Translating synthesized netlist
Netlist sorting complete. Time (s): cpu = 00:00:00 ; elapsed = 00:00:00 . Memory (MB): peak = 2386.887 ; gain = 0.000 ; free physical = 313 ; free virtual = 4067
INFO: [Project 1-570] Preparing netlist for logic optimization
INFO: [Opt 31-138] Pushed 0 inverter(s) to 0 load pin(s).
Netlist sorting complete. Time (s): cpu = 00:00:00 ; elapsed = 00:00:00 . Memory (MB): peak = 2442.906 ; gain = 0.000 ; free physical = 617 ; free virtual = 4372
INFO: [Project 1-111] Unisim Transformation Summary:
No Unisim elements were transformed.

Synth Design complete | Checksum: e451d417
INFO: [Common 17-83] Releasing license: Synthesis
21 Infos, 1 Warnings, 0 Critical Warnings and 0 Errors encountered.
synth_design completed successfully
synth_design: Time (s): cpu = 00:00:53 ; elapsed = 00:00:51 . Memory (MB): peak = 2442.906 ; gain = 973.770 ; free physical = 618 ; free virtual = 4373
INFO: [Common 17-2834] synth_design peak Physical Memory [PSS] (MB): overall = 1616.247; main = 1446.802; forked = 208.306
INFO: [Common 17-2834] synth_design peak Virtual Memory [VSS] (MB): overall = 3277.055; main = 2442.910; forked = 916.984
Write ShapeDB Complete: Time (s): cpu = 00:00:00 ; elapsed = 00:00:00 . Memory (MB): peak = 2466.918 ; gain = 0.000 ; free physical = 618 ; free virtual = 4373
INFO: [Common 17-1381] The checkpoint '/home/adrianna/Git/LED_matrix_driver/LED_matrix_driver.runs/design_1_UART_RX_0_1_synth_1/design_1_UART_RX_0_1.dcp' has been generated.
INFO: [Vivado 12-24828] Executing command : report_utilization -file design_1_UART_RX_0_1_utilization_synth.rpt -pb design_1_UART_RX_0_1_utilization_synth.pb
INFO: [Common 17-206] Exiting Vivado at Sat Dec 20 21:53:12 2025...
